[ ERROR - 2024-09-28 12:23:47 ================================================== ]
ErrorMsg:null
------
leaf.system.api.UserApi.getUserListDeprecated(UserApi.java:234)

[ ERROR - 2024-09-28 12:48:35 ================================================== ]
ErrorMsg:null
------
leaf.system.api.ConfigApi.getSystemConfigList(ConfigApi.java:130)

[ ERROR - 2024-09-28 12:58:07 ================================================== ]
ErrorMsg:null
------
leaf.system.api.ConfigApi.getSystemConfigList(ConfigApi.java:138)

[ ERROR - 2024-09-28 12:58:13 ================================================== ]
ErrorMsg:null
------
leaf.system.api.ConfigApi.getSystemConfigList(ConfigApi.java:138)

[ ERROR - 2024-09-28 12:59:19 ================================================== ]
ErrorMsg:null
------
leaf.system.api.ConfigApi.getSystemConfigList(ConfigApi.java:138)

[ ERROR - 2024-09-28 12:59:24 ================================================== ]
ErrorMsg:null
------
leaf.system.api.ConfigApi.getSystemConfigList(ConfigApi.java:138)

[ ERROR - 2024-09-28 13:00:54 ================================================== ]
ErrorMsg:null
------
leaf.system.api.ConfigApi.getSystemConfigList(ConfigApi.java:139)

[ ERROR - 2024-09-28 13:01:35 ================================================== ]
ErrorMsg:null
------
leaf.system.api.ConfigApi.getSystemConfigList(ConfigApi.java:138)

[ ERROR - 2024-09-28 13:02:11 ================================================== ]
ErrorMsg:null
------
leaf.system.api.ConfigApi.getSystemConfigList(ConfigApi.java:139)

[ ERROR - 2024-09-28 13:03:35 ================================================== ]
ErrorMsg:null
------
leaf.system.api.ConfigApi.getSystemConfigList(ConfigApi.java:139)

[ ERROR - 2024-09-28 13:04:24 ================================================== ]
ErrorMsg:null
------
leaf.system.api.ConfigApi.getSystemConfigList(ConfigApi.java:140)

[ ERROR - 2024-09-28 13:04:53 ================================================== ]
ErrorMsg:null
------
leaf.system.api.ConfigApi.getSystemConfigList(ConfigApi.java:141)

[ ERROR - 2024-09-28 13:05:18 ================================================== ]
ErrorMsg:null
------
leaf.system.api.ConfigApi.getSystemConfigList(ConfigApi.java:141)

[ ERROR - 2024-09-28 13:05:59 ================================================== ]
ErrorMsg:null
------
leaf.system.api.ConfigApi.getSystemConfigList(ConfigApi.java:142)

