[ ERROR - 2024-10-20 12:23:17 ================================================== ]
ErrorMsg:Unknown column 'studentId' in 'order clause'
------
SQL:1054
SELECT COUNT(1) AS 'count'
FROM test_student
ORDER BY studentId DESC
------
leaf.common.DB.query(DB.java:146)
leaf.common.DB.sqlToJSONMap(DB.java:422)
leaf.system.api.test.StudentApi.getStudentList(StudentApi.java:49)
leaf.system.filter.ApiGlobalFilter.doFilter(ApiGlobalFilter.java:37)

[ ERROR - 2024-10-20 12:23:20 ================================================== ]
ErrorMsg:Unknown column 'studentId' in 'order clause'
------
SQL:1054
SELECT COUNT(1) AS 'count'
FROM test_student
ORDER BY studentId DESC
------
leaf.common.DB.query(DB.java:146)
leaf.common.DB.sqlToJSONMap(DB.java:422)
leaf.system.api.test.StudentApi.getStudentList(StudentApi.java:49)
leaf.system.filter.ApiGlobalFilter.doFilter(ApiGlobalFilter.java:37)

[ ERROR - 2024-10-20 12:24:52 ================================================== ]
ErrorMsg:Unknown column 'clas' in 'field list'
------
SQL:1054
SELECT student_id, name, user_id, stuNo, clas
FROM test_student
ORDER BY student_id DESC
LIMIT 0, 10
------
leaf.common.DB.query(DB.java:146)
leaf.common.DB.sqlToJSONMap(DB.java:436)
leaf.system.api.test.StudentApi.getStudentList(StudentApi.java:49)
leaf.system.filter.ApiGlobalFilter.doFilter(ApiGlobalFilter.java:37)

[ ERROR - 2024-10-20 13:15:58 ================================================== ]
ErrorMsg:Incorrect integer value: '' for column 'parent_menu_id' at row 1
------
SQL:1366
INSERT INTO test_menu (menu_name, parent_menu_id, menu_icon, url, type
	, permission_key, is_show)
VALUES ('4356456', '', '', '', '1'
	, '', '1')
------
leaf.common.DB.update(DB.java:197)
leaf.system.api.test.Menu2Api.updateMenu(Menu2Api.java:122)
leaf.system.filter.ApiGlobalFilter.doFilter(ApiGlobalFilter.java:37)

[ ERROR - 2024-10-20 14:07:59 ================================================== ]
ErrorMsg:Duplicate entry '刘宇枫' for key 'sys_user.unique_account'
------
SQL:1062
UPDATE sys_user
SET name = '刘宇枫', account = '刘宇枫', password = '123', personal_signature = '', avatar = '/upload/system/img/lyf_avatar.jpg', birthday = NULL, phone = '', email = '', real_name = '', idcard = '', sex = 2, is_disable = NULL
WHERE user_id = '2';
DELETE FROM sys_user_role_rel
WHERE user_id = '2';
INSERT INTO sys_user_role_rel (user_id, role_id)
VALUES ('2', '2');
INSERT INTO sys_user_role_rel (user_id, role_id)
VALUES ('2', '3')
------
leaf.common.DB.updateTransaction(DB.java:217)
leaf.system.api.UserApi.updateUser(UserApi.java:466)
leaf.system.filter.ApiGlobalFilter.doFilter(ApiGlobalFilter.java:37)

