[ ERROR - 2024-07-07 01:46:49 ================================================== ]
ErrorMsg:You have an error in your SQL syntax; check the manual that corresponds to your MySQL server version for the right syntax to use near ''2','24,20,21,22,23,2,3,4,5,15,16,14,13,12,11,6') value(2,1)' at line 1
------
SQL:1064
delete from sys_role_menu_rel where role_id = '2';insert into sys_role_menu_rel('2','24,20,21,22,23,2,3,4,5,15,16,14,13,12,11,6') value(2,1);
------
lyf.common.DB.updateTransaction(DB.java:239)
lyf.system.api.RoleApi.updateRoleMenu(RoleApi.java:92)

[ ERROR - 2024-07-07 02:07:50 ================================================== ]
ErrorMsg:You have an error in your SQL syntax; check the manual that corresponds to your MySQL server version for the right syntax to use near ''2','24') value(2,1);insert into sys_role_menu_rel('2','20') value(2,1);insert i' at line 1
------
SQL:1064
delete from sys_role_menu_rel where role_id = '2';insert into sys_role_menu_rel('2','24') value(2,1);insert into sys_role_menu_rel('2','20') value(2,1);insert into sys_role_menu_rel('2','21') value(2,1);insert into sys_role_menu_rel('2','22') value(2,1);insert into sys_role_menu_rel('2','23') value(2,1);insert into sys_role_menu_rel('2','2') value(2,1);insert into sys_role_menu_rel('2','3') value(2,1);insert into sys_role_menu_rel('2','4') value(2,1);insert into sys_role_menu_rel('2','5') value(2,1);insert into sys_role_menu_rel('2','15') value(2,1);insert into sys_role_menu_rel('2','16') value(2,1);insert into sys_role_menu_rel('2','14') value(2,1);insert into sys_role_menu_rel('2','13') value(2,1);insert into sys_role_menu_rel('2','12') value(2,1);insert into sys_role_menu_rel('2','11') value(2,1);insert into sys_role_menu_rel('2','6') value(2,1);
------
lyf.common.DB.updateTransaction(DB.java:239)
lyf.system.api.RoleApi.updateRoleMenu(RoleApi.java:94)

[ ERROR - 2024-07-07 17:55:42 ================================================== ]
ErrorMsg:Incorrect integer value: '' for column 'menu_id' at row 1
------
SQL:1366
DELETE FROM sys_role_menu_rel
WHERE role_id = '2';
INSERT INTO sys_role_menu_rel (role_id, menu_id)
VALUES ('2', '')
------
lyf.common.DB.updateTransaction(DB.java:239)
lyf.system.api.RoleApi.updateRoleMenu(RoleApi.java:93)

[ ERROR - 2024-07-07 17:57:04 ================================================== ]
ErrorMsg:Incorrect integer value: '' for column 'menu_id' at row 1
------
SQL:1366
DELETE FROM sys_role_menu_rel
WHERE role_id = '2';
INSERT INTO sys_role_menu_rel (role_id, menu_id)
VALUES ('2', '')
------
lyf.common.DB.updateTransaction(DB.java:239)
lyf.system.api.RoleApi.updateRoleMenu(RoleApi.java:93)

