[ ERROR - 2025-06-19 15:48:30 ================================================== ]
ErrorMsg:null
------
leaf.system.api.SysUserApi.isLogin(SysUserApi.java:175)

[ ERROR - 2025-06-19 15:48:49 ================================================== ]
ErrorMsg:null
------
leaf.system.api.SysUserApi.isLogin(SysUserApi.java:175)

[ ERROR - 2025-06-19 15:50:33 ================================================== ]
ErrorMsg:null
------
leaf.system.api.SysUserApi.isLogin(SysUserApi.java:181)

[ ERROR - 2025-06-19 15:53:20 ================================================== ]
ErrorMsg:null
------
leaf.system.api.SysUserApi.isLogin(SysUserApi.java:181)

[ ERROR - 2025-06-19 15:54:56 ================================================== ]
ErrorMsg:null
------
leaf.system.api.SysUserApi.isLogin(SysUserApi.java:182)

[ ERROR - 2025-06-19 16:05:30 ================================================== ]
ErrorMsg:null
------
leaf.system.api.SysUserApi.isLogin(SysUserApi.java:176)

[ ERROR - 2025-06-19 16:11:34 ================================================== ]
ErrorMsg:null
------
leaf.system.api.SysMenuApi.getMenuTree(SysMenuApi.java:46)

