[ ERROR - 2024-01-10 11:19:36 ================================================== ]
ErrorMsg:Column count doesn't match value count at row 1
------
SQL:1136
INSERT INTO sys_menu (menu_name, menu_icon, url, type, is_show)
VALUES ('333', NULL, '1', '1', '2'
	, '0');
SELECT @new_menu_id := last_insert_id();
UPDATE sys_menu
SET sort = @new_menu_id
WHERE menu_id = @new_menu_id
------
lyf.common.DB.updateTransaction(DB.java:233)
lyf.system.api.SystemMenuApi.updateMenu(SystemMenuApi.java:192)
lyf.system.api.SystemMenuApi$$FastClassBySpringCGLIB$$6f21cfee.invoke(<generated>:-1)
lyf.system.api.SystemMenuApi$$EnhancerBySpringCGLIB$$f2ecb66c.updateMenu(<generated>:-1)

[ ERROR - 2024-01-10 11:19:54 ================================================== ]
ErrorMsg:Column count doesn't match value count at row 1
------
SQL:1136
INSERT INTO sys_menu (menu_name, menu_icon, url, type, is_show)
VALUES ('333', NULL, '1', '1', '2'
	, '0');
SELECT @new_menu_id := last_insert_id();
UPDATE sys_menu
SET sort = @new_menu_id
WHERE menu_id = @new_menu_id
------
lyf.common.DB.updateTransaction(DB.java:233)
lyf.system.api.SystemMenuApi.updateMenu(SystemMenuApi.java:192)
lyf.system.api.SystemMenuApi$$FastClassBySpringCGLIB$$6f21cfee.invoke(<generated>:-1)
lyf.system.api.SystemMenuApi$$EnhancerBySpringCGLIB$$f2ecb66c.updateMenu(<generated>:-1)

