[ ERROR - 2024-09-26 16:35:01 ================================================== ]
ErrorMsg:Handler dispatch failed; nested exception is java.lang.NoClassDefFoundError: com/google/gson/Gson
------

[ ERROR - 2024-09-26 16:35:21 ================================================== ]
ErrorMsg:Handler dispatch failed; nested exception is java.lang.NoClassDefFoundError: Could not initialize class leaf.common.object.JSON
------

[ ERROR - 2024-09-26 16:36:09 ================================================== ]
ErrorMsg:Handler dispatch failed; nested exception is java.lang.NoClassDefFoundError: com/google/gson/Gson
------

[ ERROR - 2024-09-26 16:36:10 ================================================== ]
ErrorMsg:Handler dispatch failed; nested exception is java.lang.NoClassDefFoundError: Could not initialize class leaf.common.object.JSON
------

[ ERROR - 2024-09-26 16:36:53 ================================================== ]
ErrorMsg:Handler dispatch failed; nested exception is java.lang.NoClassDefFoundError: com/google/gson/Gson
------

[ ERROR - 2024-09-26 16:36:55 ================================================== ]
ErrorMsg:Handler dispatch failed; nested exception is java.lang.NoClassDefFoundError: Could not initialize class leaf.common.object.JSON
------

[ ERROR - 2024-09-26 16:36:56 ================================================== ]
ErrorMsg:Handler dispatch failed; nested exception is java.lang.NoClassDefFoundError: Could not initialize class leaf.common.object.JSON
------

[ ERROR - 2024-09-26 16:36:56 ================================================== ]
ErrorMsg:Handler dispatch failed; nested exception is java.lang.NoClassDefFoundError: Could not initialize class leaf.common.object.JSON
------

[ ERROR - 2024-09-26 17:07:14 ================================================== ]
ErrorMsg:null
------
leaf.system.api.UserApi.getUserList(UserApi.java:218)

[ ERROR - 2024-09-26 17:09:06 ================================================== ]
ErrorMsg:null
------
leaf.system.api.UserApi.getUserList(UserApi.java:220)

