[ ERROR - 2024-08-03 13:48:15 ================================================== ]
ErrorMsg:Unknown column 'a.sort' in 'order clause'
------
SQL:1054
SELECT COUNT(1) AS 'count'
FROM sys_user a
	LEFT JOIN sys_user_role_rel b ON a.user_id = b.user_id
ORDER BY a.sort DESC
------
lyf.common.DB.query(DB.java:146)
lyf.common.DB.sqlToJSONMap(DB.java:422)
lyf.common.DB.sqlToJSONMap(DB.java:397)
lyf.system.api.UserApi.getUserList(UserApi.java:213)

[ ERROR - 2024-08-03 15:52:42 ================================================== ]
ErrorMsg:Incorrect integer value: 'null' for column 'is_disable' at row 1
------
SQL:1366
UPDATE sys_user
SET name = 'lyf admin', account = 'false', password = '123', personal_signature = '', avatar = '/upload/system/img/lyf_avatar.jpg', birthday = '2002-11-06', phone = '', email = '', real_name = '', idcard = '', sex = 1, is_disable = 'null'
WHERE user_id = '1';
DELETE FROM sys_user_role_rel
WHERE user_id = '1';
INSERT INTO sys_user_role_rel (user_id, role_id)
VALUES ('1', '1');
INSERT INTO sys_user_role_rel (user_id, role_id)
VALUES ('1', '2');
INSERT INTO sys_user_role_rel (user_id, role_id)
VALUES ('1', '3')
------
lyf.common.DB.updateTransaction(DB.java:217)
lyf.system.api.UserApi.updateUser(UserApi.java:322)

[ ERROR - 2024-08-03 15:54:20 ================================================== ]
ErrorMsg:Data truncation: Incorrect date value: '' for column 'birthday' at row 1
------
SQL:1292
UPDATE sys_user
SET name = 'test03', account = 'false', password = '123', personal_signature = '', avatar = '', birthday = '', phone = '', email = '', real_name = '', idcard = '', sex = NULL, is_disable = NULL
WHERE user_id = '5';
DELETE FROM sys_user_role_rel
WHERE user_id = '5';
INSERT INTO sys_user_role_rel (user_id, role_id)
VALUES ('5', '3');
INSERT INTO sys_user_role_rel (user_id, role_id)
VALUES ('5', '5')
------
lyf.common.DB.updateTransaction(DB.java:217)
lyf.system.api.UserApi.updateUser(UserApi.java:322)

[ ERROR - 2024-08-03 16:05:28 ================================================== ]
ErrorMsg:Duplicate entry 'false' for key 'sys_user.unique_account'
------
SQL:1062
UPDATE sys_user
SET name = 'test03', account = 'false', password = '123', personal_signature = '', avatar = '', birthday = NULL, phone = '', email = '', real_name = '', idcard = '', sex = NULL, is_disable = NULL
WHERE user_id = '5';
DELETE FROM sys_user_role_rel
WHERE user_id = '5'
------
lyf.common.DB.updateTransaction(DB.java:217)
lyf.system.api.UserApi.updateUser(UserApi.java:326)

[ ERROR - 2024-08-03 16:09:16 ================================================== ]
ErrorMsg:Data truncation: Incorrect date value: '2089' for column 'birthday' at row 1
------
SQL:1292
UPDATE sys_user
SET name = 'test03', account = 'test03', password = '123', personal_signature = '111', avatar = '222', birthday = 2111 - 11 - 11, phone = '444', email = '555', real_name = '666', idcard = '777', sex = 2, is_disable = NULL
WHERE user_id = '5';
DELETE FROM sys_user_role_rel
WHERE user_id = '5'
------
lyf.common.DB.updateTransaction(DB.java:217)
lyf.system.api.UserApi.updateUser(UserApi.java:326)

