=================== Error ===================
Time:2023-11-05 00:17:16
Message:null
------
lyf.system.api.SystemApi.login(SystemApi.java:53)

=================== Error ===================
Time:2023-11-05 00:17:17
Message:null
------
lyf.system.api.SystemApi.login(SystemApi.java:53)

=================== Error ===================
Time:2023-11-05 00:17:21
Message:null
------
lyf.system.api.SystemApi.login(SystemApi.java:53)

=================== Error ===================
Time:2023-11-05 12:40:16
Message:null
------
lyf.system.api.SystemApi.login(SystemApi.java:52)

=================== Error ===================
Time:2023-11-05 12:40:18
Message:null
------
lyf.system.api.SystemApi.login(SystemApi.java:52)

=================== Error ===================
Time:2023-11-05 12:40:25
Message:null
------
lyf.system.api.SystemApi.login(SystemApi.java:52)

